2017-12-27 14:22:15 INFO  CsvToExcel:39 - Creating New .Xls File From The Already Generated .Csv File
2017-12-27 14:22:19 INFO  CsvToExcel:54 - .Xls File Is Generated At The Following Location?= config/EXCEL_DATA.xlsx
2017-12-27 14:22:23 INFO  AppMain:13 - File Location Is?= config/EXCEL_DATA.xlsx
2017-12-27 14:26:43 INFO  CsvToExcel:39 - Creating New .Xls File From The Already Generated .Csv File
2017-12-27 14:27:26 INFO  CsvToExcel:54 - .Xls File Is Generated At The Following Location?= config/EXCEL_DATA.xlsx
2017-12-27 14:28:14 INFO  AppMain:13 - File Location Is?= config/EXCEL_DATA.xlsx
2017-12-27 14:37:26 INFO  CsvToExcel:38 - Creating New .Xls File From The Already Generated .Csv File
2017-12-27 14:38:12 INFO  CsvToExcel:53 - .Xls File Is Generated At The Following Location?= config/EXCEL_DATA.xlsx
2017-12-27 14:38:40 INFO  AppMain:13 - File Location Is?= config/EXCEL_DATA.xlsx
2017-12-27 15:14:07 INFO  CsvToExcel:38 - Creating New .Xls File From The Already Generated .Csv File
2017-12-27 15:14:31 INFO  CsvToExcel:53 - .Xls File Is Generated At The Following Location?= config/EXCEL_DATA.xlsx
2017-12-27 15:14:50 INFO  AppMain:13 - File Location Is?= config/EXCEL_DATA.xlsx
2017-12-27 21:49:41 INFO  CsvToExcel:38 - Creating New .Xls File From The Already Generated .Csv File
2017-12-27 21:50:17 INFO  CsvToExcel:53 - .Xls File Is Generated At The Following Location?= config/EXCEL_DATA.xlsx
2017-12-27 21:50:38 INFO  AppMain:13 - File Location Is?= config/EXCEL_DATA.xlsx
2017-12-31 11:33:41 INFO  CsvToExcel:38 - Creating New .Xls File From The Already Generated .Csv File
2017-12-31 11:33:41 INFO  CsvToExcel:53 - .Xls File Is Generated At The Following Location?= config/EXCEL_DATA.xlsx
2017-12-31 11:33:41 INFO  AppMain:13 - File Location Is?= config/EXCEL_DATA.xlsx
2017-12-31 11:40:52 INFO  CsvToExcel:41 - Creating New .Xls File From The Already Generated .Csv File
2017-12-31 11:40:52 INFO  CsvToExcel:56 - The File Is Generated At The Following Location?= config/EXCEL_DATA.xlsx
2017-12-31 11:40:53 INFO  AppMain:13 - File Location Is?= config/EXCEL_DATA.xlsx
2017-12-31 12:45:19 INFO  CsvToExcel:41 - Creating New .Xls File From The Already Generated .Csv File
2017-12-31 12:45:19 INFO  CsvToExcel:56 - The File Is Generated At The Following Location?= config/EXCEL_DATA.xlsx
2017-12-31 12:45:19 INFO  AppMain:13 - File Location Is?= config/EXCEL_DATA.xlsx
2021-07-02 16:45:20 ERROR CsvToExcel:61 - Exception In convertCsvToXls() Method?=  java.io.FileNotFoundException: config\VISAN2.csv (Le fichier spécifié est introuvable)
2021-07-02 16:46:47 INFO  CsvToExcel:41 - Creating New .Xls File From The Already Generated .Csv File
2021-07-02 16:46:47 INFO  CsvToExcel:56 - The File Is Generated At The Following Location?= config/EXCEL_DATA.xlsx
2021-07-02 16:46:47 INFO  AppMain:13 - File Location Is?= config/EXCEL_DATA.xlsx
2021-07-02 16:48:17 INFO  CsvToExcel:41 - Creating New .Xls File From The Already Generated .Csv File
2021-07-02 16:48:17 INFO  CsvToExcel:56 - The File Is Generated At The Following Location?= config/EXCEL_DATA.xlsx
2021-07-02 16:48:18 INFO  AppMain:13 - File Location Is?= config/EXCEL_DATA.xlsx
2021-07-02 17:00:25 INFO  CsvToExcel:41 - Creating New .Xls File From The Already Generated .Csv File
2021-07-02 17:00:25 INFO  CsvToExcel:56 - The File Is Generated At The Following Location?= config/EXCEL_DATA.xlsx
2021-07-02 17:00:25 INFO  AppMain:13 - File Location Is?= config/EXCEL_DATA.xlsx
2021-07-02 17:15:53 INFO  CsvToExcel:41 - Creating New .Xls File From The Already Generated .Csv File
2021-07-02 17:15:54 ERROR CsvToExcel:61 - Exception In convertCsvToXls() Method?=  java.lang.NumberFormatException: For input string: "5555555555555555"
2021-07-02 17:46:56 INFO  CsvToExcel:42 - Creating New .Xls File From The Already Generated .Csv File
2021-07-02 17:46:56 ERROR CsvToExcel:62 - Exception In convertCsvToXls() Method?=  java.lang.NumberFormatException: For input string: "5555555555555555"
2021-07-02 17:48:56 INFO  CsvToExcel:42 - Creating New .Xls File From The Already Generated .Csv File
2021-07-02 17:48:56 ERROR CsvToExcel:62 - Exception In convertCsvToXls() Method?=  java.lang.NumberFormatException: For input string: "5555555555555555"
2021-07-02 17:50:24 INFO  CsvToExcel:42 - Creating New .Xls File From The Already Generated .Csv File
2021-07-02 17:50:24 INFO  CsvToExcel:57 - The File Is Generated At The Following Location?= config/EXCEL_DATA.xlsx
2021-07-02 17:50:24 INFO  AppMain:13 - File Location Is?= config/EXCEL_DATA.xlsx
2021-07-02 18:07:15 INFO  CsvToExcel:42 - Creating New .Xls File From The Already Generated .Csv File
2021-07-02 18:07:15 INFO  CsvToExcel:57 - The File Is Generated At The Following Location?= config/EXCEL_DATA.xlsx
2021-07-02 18:07:15 INFO  AppMain:13 - File Location Is?= config/EXCEL_DATA.xlsx
2021-07-02 18:45:00 INFO  CsvToExcel:43 - Creating New .Xls File From The Already Generated .Csv File
2021-07-02 18:45:00 INFO  CsvToExcel:58 - The File Is Generated At The Following Location?= config/EXCEL_DATA.xlsx
2021-07-02 18:45:01 INFO  AppMain:13 - File Location Is?= config/EXCEL_DATA.xlsx
2021-07-02 18:54:40 INFO  CsvToExcel:43 - Creating New .Xls File From The Already Generated .Csv File
2021-07-02 18:54:40 INFO  CsvToExcel:58 - The File Is Generated At The Following Location?= config/EXCEL_DATA.xlsx
2021-07-02 18:54:40 INFO  AppMain:13 - File Location Is?= config/EXCEL_DATA.xlsx
2021-07-02 19:04:16 INFO  CsvToExcel:43 - Creating New .Xls File From The Already Generated .Csv File
2021-07-02 19:04:16 INFO  CsvToExcel:58 - The File Is Generated At The Following Location?= config/EXCEL_DATA.xlsx
2021-07-02 19:04:16 INFO  AppMain:13 - File Location Is?= config/EXCEL_DATA.xlsx
2021-07-02 19:20:23 INFO  CsvToExcel:43 - Creating New .Xls File From The Already Generated .Csv File
2021-07-02 19:20:23 INFO  CsvToExcel:58 - The File Is Generated At The Following Location?= config/EXCEL_DATA.xlsx
2021-07-02 19:20:23 INFO  AppMain:13 - File Location Is?= config/EXCEL_DATA.xlsx
2021-07-04 19:47:30 INFO  CsvToExcel:44 - Creating New .Xls File From The Already Generated .Csv File
2021-07-04 19:47:30 INFO  CsvToExcel:59 - The File Is Generated At The Following Location?= config/EXCEL_DATA.xlsx
2021-07-04 19:47:31 INFO  AppMain:13 - File Location Is?= config/EXCEL_DATA.xlsx
2021-07-04 20:12:43 INFO  CsvToExcel:44 - Creating New .Xls File From The Already Generated .Csv File
2021-07-04 20:12:43 INFO  CsvToExcel:59 - The File Is Generated At The Following Location?= config/EXCEL_DATA.xlsx
2021-07-04 20:12:43 INFO  AppMain:13 - File Location Is?= config/EXCEL_DATA.xlsx
